# JRE version: OpenJDK Runtime Environment Corretto-17.0.12.7.1 (17.0.12+7) (build 17.0.12+7-LTS)
# Java VM: OpenJDK 64-Bit Server VM Corretto-17.0.12.7.1 (17.0.12+7-LTS, mixed mode, sharing, tiered, compressed oops, compressed class ptrs, g1 gc, windows-amd64)
GC Precious Log:
 CPUs: 4 total, 4 available
 Memory: 3784M
 Large Page Support: Disabled
 NUMA Support: Disabled
 Compressed Oops: Enabled (32-bit)
 Heap Region Size: 1M
 Heap Min Capacity: 8M
 Heap Initial Capacity: 60M
 Heap Max Capacity: 948M
 Pre-touch: Disabled
 Parallel Workers: 4
 Concurrent Workers: 1
 Concurrent Refinement Workers: 4
 Periodic GC: Disabled
Heap:
 garbage-first heap   total 73728K, used 38129K [0x00000000c4c00000, 0x0000000100000000)
  region size 1024K, 1 young (1024K), 1 survivors (1024K)
 Metaspace       used 71555K, committed 72000K, reserved 1114112K
  class space    used 9668K, committed 9920K, reserved 1048576K
GC Heap History (20 events):
Event: 21.280 GC heap after
{Heap after GC invocations=20 (full 0):
 garbage-first heap   total 73728K, used 30978K [0x00000000c4c00000, 0x0000000100000000)
  region size 1024K, 2 young (2048K), 2 survivors (2048K)
 Metaspace       used 57189K, committed 57664K, reserved 1114112K
  class space    used 7767K, committed 8000K, reserved 1048576K
}
Event: 21.286 GC heap before
{Heap before GC invocations=20 (full 0):
 garbage-first heap   total 73728K, used 32002K [0x00000000c4c00000, 0x0000000100000000)
  region size 1024K, 3 young (3072K), 2 survivors (2048K)
 Metaspace       used 57189K, committed 57664K, reserved 1114112K
  class space    used 7767K, committed 8000K, reserved 1048576K
}
Event: 21.302 GC heap after
{Heap after GC invocations=21 (full 0):
 garbage-first heap   total 73728K, used 30635K [0x00000000c4c00000, 0x0000000100000000)
  region size 1024K, 1 young (1024K), 1 survivors (1024K)
 Metaspace       used 57189K, committed 57664K, reserved 1114112K
  class space    used 7767K, committed 8000K, reserved 1048576K
}
Event: 22.425 GC heap before
{Heap before GC invocations=21 (full 0):
 garbage-first heap   total 73728K, used 58283K [0x00000000c4c00000, 0x0000000100000000)
  region size 1024K, 28 young (28672K), 1 survivors (1024K)
 Metaspace       used 57437K, committed 57920K, reserved 1114112K
  class space    used 7802K, committed 8064K, reserved 1048576K
}
Event: 22.427 GC heap after
{Heap after GC invocations=22 (full 0):
 garbage-first heap   total 73728K, used 31148K [0x00000000c4c00000, 0x0000000100000000)
  region size 1024K, 2 young (2048K), 2 survivors (2048K)
 Metaspace       used 57437K, committed 57920K, reserved 1114112K
  class space    used 7802K, committed 8064K, reserved 1048576K
}
Event: 23.250 GC heap before
{Heap before GC invocations=22 (full 0):
 garbage-first heap   total 73728K, used 58796K [0x00000000c4c00000, 0x0000000100000000)
  region size 1024K, 29 young (29696K), 2 survivors (2048K)
 Metaspace       used 58252K, committed 58752K, reserved 1114112K
  class space    used 7892K, committed 8128K, reserved 1048576K
}
Event: 23.253 GC heap after
{Heap after GC invocations=23 (full 0):
 garbage-first heap   total 73728K, used 32116K [0x00000000c4c00000, 0x0000000100000000)
  region size 1024K, 2 young (2048K), 2 survivors (2048K)
 Metaspace       used 58252K, committed 58752K, reserved 1114112K
  class space    used 7892K, committed 8128K, reserved 1048576K
}
Event: 24.566 GC heap before
{Heap before GC invocations=23 (full 0):
 garbage-first heap   total 73728K, used 59764K [0x00000000c4c00000, 0x0000000100000000)
  region size 1024K, 29 young (29696K), 2 survivors (2048K)
 Metaspace       used 60039K, committed 60544K, reserved 1114112K
  class space    used 8138K, committed 8384K, reserved 1048576K
}
Event: 24.572 GC heap after
{Heap after GC invocations=24 (full 0):
 garbage-first heap   total 73728K, used 33329K [0x00000000c4c00000, 0x0000000100000000)
  region size 1024K, 4 young (4096K), 4 survivors (4096K)
 Metaspace       used 60039K, committed 60544K, reserved 1114112K
  class space    used 8138K, committed 8384K, reserved 1048576K
}
Event: 26.523 GC heap before
{Heap before GC invocations=24 (full 0):
 garbage-first heap   total 73728K, used 59953K [0x00000000c4c00000, 0x0000000100000000)
  region size 1024K, 30 young (30720K), 4 survivors (4096K)
 Metaspace       used 61659K, committed 62144K, reserved 1114112K
  class space    used 8353K, committed 8576K, reserved 1048576K
}
Event: 26.547 GC heap after
{Heap after GC invocations=25 (full 0):
 garbage-first heap   total 73728K, used 34859K [0x00000000c4c00000, 0x0000000100000000)
  region size 1024K, 3 young (3072K), 3 survivors (3072K)
 Metaspace       used 61659K, committed 62144K, reserved 1114112K
  class space    used 8353K, committed 8576K, reserved 1048576K
}
Event: 29.487 GC heap before
{Heap before GC invocations=25 (full 0):
 garbage-first heap   total 73728K, used 59435K [0x00000000c4c00000, 0x0000000100000000)
  region size 1024K, 28 young (28672K), 3 survivors (3072K)
 Metaspace       used 63349K, committed 63872K, reserved 1114112K
  class space    used 8619K, committed 8896K, reserved 1048576K
}
Event: 29.497 GC heap after
{Heap after GC invocations=26 (full 0):
 garbage-first heap   total 73728K, used 36325K [0x00000000c4c00000, 0x0000000100000000)
  region size 1024K, 3 young (3072K), 3 survivors (3072K)
 Metaspace       used 63349K, committed 63872K, reserved 1114112K
  class space    used 8619K, committed 8896K, reserved 1048576K
}
Event: 2861.691 GC heap before
{Heap before GC invocations=26 (full 0):
 garbage-first heap   total 73728K, used 59877K [0x00000000c4c00000, 0x0000000100000000)
  region size 1024K, 27 young (27648K), 3 survivors (3072K)
 Metaspace       used 68379K, committed 68928K, reserved 1114112K
  class space    used 9256K, committed 9536K, reserved 1048576K
}
Event: 2861.786 GC heap after
{Heap after GC invocations=27 (full 0):
 garbage-first heap   total 73728K, used 38725K [0x00000000c4c00000, 0x0000000100000000)
  region size 1024K, 4 young (4096K), 4 survivors (4096K)
 Metaspace       used 68379K, committed 68928K, reserved 1114112K
  class space    used 9256K, committed 9536K, reserved 1048576K
}
Event: 11851.788 GC heap before
{Heap before GC invocations=28 (full 0):
 garbage-first heap   total 73728K, used 59205K [0x00000000c4c00000, 0x0000000100000000)
  region size 1024K, 25 young (25600K), 4 survivors (4096K)
 Metaspace       used 71489K, committed 72000K, reserved 1114112K
  class space    used 9666K, committed 9920K, reserved 1048576K
}
Event: 11852.694 GC heap after
{Heap after GC invocations=29 (full 0):
 garbage-first heap   total 73728K, used 40030K [0x00000000c4c00000, 0x0000000100000000)
  region size 1024K, 2 young (2048K), 2 survivors (2048K)
 Metaspace       used 71489K, committed 72000K, reserved 1114112K
  class space    used 9666K, committed 9920K, reserved 1048576K
}
Event: 11855.600 GC heap before
{Heap before GC invocations=29 (full 0):
 garbage-first heap   total 73728K, used 41054K [0x00000000c4c00000, 0x0000000100000000)
  region size 1024K, 3 young (3072K), 2 survivors (2048K)
 Metaspace       used 71496K, committed 72000K, reserved 1114112K
  class space    used 9666K, committed 9920K, reserved 1048576K
}
Event: 11855.677 GC heap after
{Heap after GC invocations=30 (full 0):
 garbage-first heap   total 73728K, used 38551K [0x00000000c4c00000, 0x0000000100000000)
  region size 1024K, 1 young (1024K), 1 survivors (1024K)
 Metaspace       used 71496K, committed 72000K, reserved 1114112K
  class space    used 9666K, committed 9920K, reserved 1048576K
}
Event: 11977.611 GC heap before
{Heap before GC invocations=30 (full 0):
 garbage-first heap   total 73728K, used 40599K [0x00000000c4c00000, 0x0000000100000000)
  region size 1024K, 3 young (3072K), 1 survivors (1024K)
 Metaspace       used 71555K, committed 72000K, reserved 1114112K
  class space    used 9668K, committed 9920K, reserved 1048576K
}

